0 info it worked if it ends with ok
1 verbose cli [ '/usr/bin/nodejs', '/usr/bin/npm', 'publish' ]
2 info using npm@1.3.10
3 info using node@v0.10.25
4 verbose publish [ '.' ]
5 verbose cache add [ '.', null ]
6 verbose cache add name=undefined spec="." args=[".",null]
7 verbose parsed url { protocol: null,
7 verbose parsed url   slashes: null,
7 verbose parsed url   auth: null,
7 verbose parsed url   host: null,
7 verbose parsed url   port: null,
7 verbose parsed url   hostname: null,
7 verbose parsed url   hash: null,
7 verbose parsed url   search: null,
7 verbose parsed url   query: null,
7 verbose parsed url   pathname: '.',
7 verbose parsed url   path: '.',
7 verbose parsed url   href: '.' }
8 silly lockFile 3a52ce78- .
9 verbose lock . /home/peterus/.npm/3a52ce78-.lock
10 verbose tar pack [ '/home/peterus/tmp/npm-6724-_jRRZS9t/1448461535085-0.8770360546186566/tmp.tgz',
10 verbose tar pack   '.' ]
11 verbose tarball /home/peterus/tmp/npm-6724-_jRRZS9t/1448461535085-0.8770360546186566/tmp.tgz
12 verbose folder .
13 silly lockFile 1f1177db-tar tar://.
14 verbose lock tar://. /home/peterus/.npm/1f1177db-tar.lock
15 silly lockFile bfc6e16b-35085-0-8770360546186566-tmp-tgz tar:///home/peterus/tmp/npm-6724-_jRRZS9t/1448461535085-0.8770360546186566/tmp.tgz
16 verbose lock tar:///home/peterus/tmp/npm-6724-_jRRZS9t/1448461535085-0.8770360546186566/tmp.tgz /home/peterus/.npm/bfc6e16b-35085-0-8770360546186566-tmp-tgz.lock
17 silly lockFile 1f1177db-tar tar://.
18 silly lockFile 1f1177db-tar tar://.
19 silly lockFile bfc6e16b-35085-0-8770360546186566-tmp-tgz tar:///home/peterus/tmp/npm-6724-_jRRZS9t/1448461535085-0.8770360546186566/tmp.tgz
20 silly lockFile bfc6e16b-35085-0-8770360546186566-tmp-tgz tar:///home/peterus/tmp/npm-6724-_jRRZS9t/1448461535085-0.8770360546186566/tmp.tgz
21 verbose tar unpack /home/peterus/tmp/npm-6724-_jRRZS9t/1448461535085-0.8770360546186566/tmp.tgz
22 silly lockFile d87e8e5f-35085-0-8770360546186566-package tar:///home/peterus/tmp/npm-6724-_jRRZS9t/1448461535085-0.8770360546186566/package
23 verbose lock tar:///home/peterus/tmp/npm-6724-_jRRZS9t/1448461535085-0.8770360546186566/package /home/peterus/.npm/d87e8e5f-35085-0-8770360546186566-package.lock
24 silly lockFile bfc6e16b-35085-0-8770360546186566-tmp-tgz tar:///home/peterus/tmp/npm-6724-_jRRZS9t/1448461535085-0.8770360546186566/tmp.tgz
25 verbose lock tar:///home/peterus/tmp/npm-6724-_jRRZS9t/1448461535085-0.8770360546186566/tmp.tgz /home/peterus/.npm/bfc6e16b-35085-0-8770360546186566-tmp-tgz.lock
26 silly gunzTarPerm modes [ '755', '644' ]
27 silly gunzTarPerm extractEntry package.json
28 silly gunzTarPerm modified mode [ 'package.json', 436, 420 ]
29 silly gunzTarPerm extractEntry .npmignore
30 silly gunzTarPerm modified mode [ '.npmignore', 436, 420 ]
31 silly gunzTarPerm extractEntry README.md
32 silly gunzTarPerm modified mode [ 'README.md', 436, 420 ]
33 silly gunzTarPerm extractEntry angular-ui-switch.js
34 silly gunzTarPerm modified mode [ 'angular-ui-switch.js', 436, 420 ]
35 silly gunzTarPerm extractEntry angular-ui-switch.min.js
36 silly gunzTarPerm modified mode [ 'angular-ui-switch.min.js', 436, 420 ]
37 silly gunzTarPerm extractEntry angular-ui-switch.less
38 silly gunzTarPerm extractEntry Makefile
39 silly gunzTarPerm modified mode [ 'Makefile', 436, 420 ]
40 silly gunzTarPerm extractEntry angular-ui-switch.css
41 silly gunzTarPerm modified mode [ 'angular-ui-switch.css', 436, 420 ]
42 silly gunzTarPerm extractEntry angular-ui-switch.html
43 silly gunzTarPerm extractEntry bower.json
44 silly gunzTarPerm modified mode [ 'bower.json', 436, 420 ]
45 silly gunzTarPerm extractEntry example/app.js
46 silly gunzTarPerm modified mode [ 'example/app.js', 436, 420 ]
47 silly gunzTarPerm extractEntry example/index.html
48 silly gunzTarPerm modified mode [ 'example/index.html', 436, 420 ]
49 silly gunzTarPerm extractEntry logo.png
50 silly gunzTarPerm modified mode [ 'logo.png', 436, 420 ]
51 silly gunzTarPerm extractEntry angular-ui-switch.min.css
52 silly gunzTarPerm modified mode [ 'angular-ui-switch.min.css', 436, 420 ]
53 silly lockFile d87e8e5f-35085-0-8770360546186566-package tar:///home/peterus/tmp/npm-6724-_jRRZS9t/1448461535085-0.8770360546186566/package
54 silly lockFile d87e8e5f-35085-0-8770360546186566-package tar:///home/peterus/tmp/npm-6724-_jRRZS9t/1448461535085-0.8770360546186566/package
55 silly lockFile bfc6e16b-35085-0-8770360546186566-tmp-tgz tar:///home/peterus/tmp/npm-6724-_jRRZS9t/1448461535085-0.8770360546186566/tmp.tgz
56 silly lockFile bfc6e16b-35085-0-8770360546186566-tmp-tgz tar:///home/peterus/tmp/npm-6724-_jRRZS9t/1448461535085-0.8770360546186566/tmp.tgz
57 verbose tar pack [ '/home/peterus/.npm/angular-ui-switch/0.1.1/package.tgz',
57 verbose tar pack   '/home/peterus/tmp/npm-6724-_jRRZS9t/1448461535085-0.8770360546186566/package' ]
58 verbose tarball /home/peterus/.npm/angular-ui-switch/0.1.1/package.tgz
59 verbose folder /home/peterus/tmp/npm-6724-_jRRZS9t/1448461535085-0.8770360546186566/package
60 silly lockFile d87e8e5f-35085-0-8770360546186566-package tar:///home/peterus/tmp/npm-6724-_jRRZS9t/1448461535085-0.8770360546186566/package
61 verbose lock tar:///home/peterus/tmp/npm-6724-_jRRZS9t/1448461535085-0.8770360546186566/package /home/peterus/.npm/d87e8e5f-35085-0-8770360546186566-package.lock
62 silly lockFile a6e33dc0-ular-ui-switch-0-1-1-package-tgz tar:///home/peterus/.npm/angular-ui-switch/0.1.1/package.tgz
63 verbose lock tar:///home/peterus/.npm/angular-ui-switch/0.1.1/package.tgz /home/peterus/.npm/a6e33dc0-ular-ui-switch-0-1-1-package-tgz.lock
64 silly lockFile d87e8e5f-35085-0-8770360546186566-package tar:///home/peterus/tmp/npm-6724-_jRRZS9t/1448461535085-0.8770360546186566/package
65 silly lockFile d87e8e5f-35085-0-8770360546186566-package tar:///home/peterus/tmp/npm-6724-_jRRZS9t/1448461535085-0.8770360546186566/package
66 silly lockFile a6e33dc0-ular-ui-switch-0-1-1-package-tgz tar:///home/peterus/.npm/angular-ui-switch/0.1.1/package.tgz
67 silly lockFile a6e33dc0-ular-ui-switch-0-1-1-package-tgz tar:///home/peterus/.npm/angular-ui-switch/0.1.1/package.tgz
68 silly lockFile ad3dfd5e--angular-ui-switch-0-1-1-package /home/peterus/.npm/angular-ui-switch/0.1.1/package
69 verbose lock /home/peterus/.npm/angular-ui-switch/0.1.1/package /home/peterus/.npm/ad3dfd5e--angular-ui-switch-0-1-1-package.lock
70 silly lockFile ad3dfd5e--angular-ui-switch-0-1-1-package /home/peterus/.npm/angular-ui-switch/0.1.1/package
71 silly lockFile ad3dfd5e--angular-ui-switch-0-1-1-package /home/peterus/.npm/angular-ui-switch/0.1.1/package
72 verbose tar unpack /home/peterus/.npm/angular-ui-switch/0.1.1/package.tgz
73 silly lockFile 1bd5f80d--angular-ui-switch-0-1-1-package tar:///home/peterus/.npm/angular-ui-switch/0.1.1/package
74 verbose lock tar:///home/peterus/.npm/angular-ui-switch/0.1.1/package /home/peterus/.npm/1bd5f80d--angular-ui-switch-0-1-1-package.lock
75 silly lockFile a6e33dc0-ular-ui-switch-0-1-1-package-tgz tar:///home/peterus/.npm/angular-ui-switch/0.1.1/package.tgz
76 verbose lock tar:///home/peterus/.npm/angular-ui-switch/0.1.1/package.tgz /home/peterus/.npm/a6e33dc0-ular-ui-switch-0-1-1-package-tgz.lock
77 silly gunzTarPerm modes [ '755', '644' ]
78 silly gunzTarPerm extractEntry package.json
79 silly gunzTarPerm extractEntry .npmignore
80 silly gunzTarPerm extractEntry README.md
81 silly gunzTarPerm extractEntry angular-ui-switch.js
82 silly gunzTarPerm extractEntry angular-ui-switch.min.js
83 silly gunzTarPerm extractEntry angular-ui-switch.less
84 silly gunzTarPerm extractEntry Makefile
85 silly gunzTarPerm extractEntry angular-ui-switch.css
86 silly gunzTarPerm extractEntry angular-ui-switch.html
87 silly gunzTarPerm extractEntry bower.json
88 silly gunzTarPerm extractEntry example/app.js
89 silly gunzTarPerm extractEntry example/index.html
90 silly gunzTarPerm extractEntry logo.png
91 silly gunzTarPerm extractEntry angular-ui-switch.min.css
92 silly lockFile 1bd5f80d--angular-ui-switch-0-1-1-package tar:///home/peterus/.npm/angular-ui-switch/0.1.1/package
93 silly lockFile 1bd5f80d--angular-ui-switch-0-1-1-package tar:///home/peterus/.npm/angular-ui-switch/0.1.1/package
94 silly lockFile a6e33dc0-ular-ui-switch-0-1-1-package-tgz tar:///home/peterus/.npm/angular-ui-switch/0.1.1/package.tgz
95 silly lockFile a6e33dc0-ular-ui-switch-0-1-1-package-tgz tar:///home/peterus/.npm/angular-ui-switch/0.1.1/package.tgz
96 verbose chmod /home/peterus/.npm/angular-ui-switch/0.1.1/package.tgz 644
97 verbose chown /home/peterus/.npm/angular-ui-switch/0.1.1/package.tgz [ 1000, 1000 ]
98 silly lockFile 3a52ce78- .
99 silly lockFile 3a52ce78- .
100 silly publish { name: 'angular-ui-switch',
100 silly publish   version: '0.1.1',
100 silly publish   description: 'iOS 7 style switch directive for AngularJS',
100 silly publish   main: 'angular-ui-switch.js',
100 silly publish   scripts: { test: 'echo "Error: no test specified" && exit 1' },
100 silly publish   repository:
100 silly publish    { type: 'git',
100 silly publish      url: 'git://github.com/xpepermint/angular-ui-switch.git' },
100 silly publish   keywords:
100 silly publish    [ 'angular',
100 silly publish      'angularjs',
100 silly publish      'ui',
100 silly publish      'directive',
100 silly publish      'switch',
100 silly publish      'on',
100 silly publish      'off',
100 silly publish      'button',
100 silly publish      'checkbox',
100 silly publish      'form' ],
100 silly publish   author: { name: 'xpeper', email: 'xpepermint@gmail.com' },
100 silly publish   license: 'MIT',
100 silly publish   bugs: { url: 'https://github.com/xpepermint/angular-ui-switch/issues' },
100 silly publish   homepage: 'https://github.com/xpepermint/angular-ui-switch',
100 silly publish   devDependencies: { minify: '^1.0.4', 'uglify-js': '^2.4.15' },
100 silly publish   readme: '# [angular](https://angularjs.org/)-ui-switch\n\nThis is a simple iOS 7 style switch directive for AngularJS. You can use this module as you would use the default HTML checkbox input element. This is a super lightweight module and you can completely change the design using just CSS.\n\nSupported by all modern browsers: Chrome, Firefox, Opera, Safari, IE8+\n\n![YoomJS](https://raw.githubusercontent.com/xpepermint/angular-ui-switch/master/logo.png)\n\nInspired by [switchery](https://github.com/abpetkov/switchery) - in angular way.\n\n## Installation\n\nDownload the package from `github`. The package is also available over `npm install angular-ui-switch` or `bower install angular-ui-switch`.\n\nInclude `javascript` and `css` files into your page.\n\n```html\n<!DOCTYPE html>\n<html lang="en" ng-app="app">\n<head>\n  ...\n  <link rel="stylesheet" href="/ui-switch.min.css"/>\n</head>\n<body>\n  ...\n  <script src="//ajax.googleapis.com/ajax/libs/angularjs/1.3.0-rc.3/angular.min.js"></script>\n  <script src="/ui-switch.min.js"></script>\n</body>\n</html>\n```\n\nDeclare a dependency on the module.\n\n```js\nangular.module(\'myModule\', [\'uiSwitch\']);\n```\n\nInsert the switch in your html template.\n\n```html\n<form>\n  <switch id="enabled" name="enabled" ng-model="enabled" class="green"></switch>\n  <br>{{ enabled }}\n</form>\n```\n\nAdd optional on/off text\n```html\n<form>\n  <switch id="enabled" name="enabled" ng-model="enabled" on="On" off="Off" class="green"></switch>\n  <br>{{ enabled }}\n</form>\n```\n\nDisabled state\n```html\n<form>\n  <switch id="enabled" name="enabled" ng-model="enabled" disabled="true" class="green"></switch>\n  <br>{{ enabled }}\n</form>\n```\n\n## Design\n\nYou can completely change the design. All the magic is hidden inside two CSS classes.\n\n```css\n.switch {\n  /* frame */\n}\n.switch small {\n  /* button */\n}\n.switch.checked {\n  /* frame when enabled */\n}\n.switch.checked small {\n  /* button when enabled */\n}\n```\n\n## Publishing\n\n1. Update version in `package.json` and `bower.json`.\n\n2. Run `make compile` to minify files.\n\n3. Run `make publish` to publish.\n',
100 silly publish   readmeFilename: 'README.md',
100 silly publish   _id: 'angular-ui-switch@0.1.1',
100 silly publish   dist: { shasum: 'd24cdc5a3a727f805263129d4631afb88bc30a40' },
100 silly publish   _from: '.' }
101 error need auth auth and email required for publishing
101 error need auth You need to authorize this machine using `npm adduser`
102 error System Linux 3.16.0-40-generic
103 error command "/usr/bin/nodejs" "/usr/bin/npm" "publish"
104 error cwd /home/peterus/Projects/javascript/angular-ui-switch
105 error node -v v0.10.25
106 error npm -v 1.3.10
107 error code ENEEDAUTH
108 verbose exit [ 1, true ]
